Using pre-set license
Built from '6000.0/staging' branch; Version is '6000.0.49f1 (840e0a9776d9) revision 8654346'; Using compiler version '193933523'; Build Type 'Release'
OS: 'Windows 10  (10.0.19045) 64bit Professional' Language: 'es' Physical Memory: 16267 MB
BatchMode: 1, IsHumanControllingUs: 0, StartBugReporterOnCrash: 0, Is64bit: 1, IsPro: 1

COMMAND LINE ARGUMENTS:
C:\Program Files\Unity\Hub\Editor\6000.0.49f1\Editor\Unity.exe
-adb2
-batchMode
-noUpm
-name
AssetImportWorker1
-projectPath
C:/Users/SUPER/Documents/GitHub/PatrimonioGameJam
-logFile
Logs/AssetImportWorker1.log
-srvPort
57220
-job-worker-count
5
-background-job-worker-count
8
-gc-helper-count
1
Successfully changed project path to: C:/Users/SUPER/Documents/GitHub/PatrimonioGameJam
C:/Users/SUPER/Documents/GitHub/PatrimonioGameJam
[UnityMemory] Configuration Parameters - Can be set up in boot.config
    "memorysetup-bucket-allocator-granularity=16"
    "memorysetup-bucket-allocator-bucket-count=8"
    "memorysetup-bucket-allocator-block-size=33554432"
    "memorysetup-bucket-allocator-block-count=8"
    "memorysetup-main-allocator-block-size=16777216"
    "memorysetup-thread-allocator-block-size=16777216"
    "memorysetup-gfx-main-allocator-block-size=16777216"
    "memorysetup-gfx-thread-allocator-block-size=16777216"
    "memorysetup-cache-allocator-block-size=4194304"
    "memorysetup-typetree-allocator-block-size=2097152"
    "memorysetup-profiler-bucket-allocator-granularity=16"
    "memorysetup-profiler-bucket-allocator-bucket-count=8"
    "memorysetup-profiler-bucket-allocator-block-size=33554432"
    "memorysetup-profiler-bucket-allocator-block-count=8"
    "memorysetup-profiler-allocator-block-size=16777216"
    "memorysetup-profiler-editor-allocator-block-size=1048576"
    "memorysetup-temp-allocator-size-main=16777216"
    "memorysetup-job-temp-allocator-block-size=2097152"
    "memorysetup-job-temp-allocator-block-size-background=1048576"
    "memorysetup-job-temp-allocator-reduction-small-platforms=262144"
    "memorysetup-allocator-temp-initial-block-size-main=262144"
    "memorysetup-allocator-temp-initial-block-size-worker=262144"
    "memorysetup-temp-allocator-size-background-worker=32768"
    "memorysetup-temp-allocator-size-job-worker=262144"
    "memorysetup-temp-allocator-size-preload-manager=33554432"
    "memorysetup-temp-allocator-size-nav-mesh-worker=65536"
    "memorysetup-temp-allocator-size-audio-worker=65536"
    "memorysetup-temp-allocator-size-cloud-worker=32768"
    "memorysetup-temp-allocator-size-gi-baking-worker=262144"
    "memorysetup-temp-allocator-size-gi-baking-worker=262144"
    "memorysetup-temp-allocator-size-gi-baking-worker=262144"
    "memorysetup-temp-allocator-size-gi-baking-worker=262144"
    "memorysetup-temp-allocator-size-gi-baking-worker=262144"
    "memorysetup-temp-allocator-size-gfx=262144"
Player connection [16256]  Target information:

Player connection [16256]  * "[IP] 192.168.0.25 [Port] 0 [Flags] 2 [Guid] 2398889107 [EditorId] 2398889107 [Version] 1048832 [Id] WindowsEditor(7,DESKTOP-0C0H3F6) [Debug] 1 [PackageName] WindowsEditor [ProjectName] Editor" 

Player connection [16256]  * "[IP] 169.254.211.172 [Port] 0 [Flags] 2 [Guid] 2398889107 [EditorId] 2398889107 [Version] 1048832 [Id] WindowsEditor(7,DESKTOP-0C0H3F6) [Debug] 1 [PackageName] WindowsEditor [ProjectName] Editor" 

Player connection [16256]  * "[IP] 26.215.245.141 [Port] 0 [Flags] 2 [Guid] 2398889107 [EditorId] 2398889107 [Version] 1048832 [Id] WindowsEditor(7,DESKTOP-0C0H3F6) [Debug] 1 [PackageName] WindowsEditor [ProjectName] Editor" 

Player connection [16256] Host joined multi-casting on [225.0.0.222:54997]...
Player connection [16256] Host joined alternative multi-casting on [225.0.0.222:34997]...
JobSystem: Creating JobQueue using job-worker-count value 5
Input System module state changed to: Initialized.
[Physics::Module] Initialized fallback backend.
[Physics::Module] Id: 0xdecafbad
Library Redirect Path: Library/
[Physics::Module] Selected backend.
[Physics::Module] Name: PhysX
[Physics::Module] Id: 0xf2b8ea05
[Physics::Module] SDK Version: 4.1.2
[Physics::Module] Integration Version: 1.0.0
[Physics::Module] Threading Mode: Multi-Threaded
Refreshing native plugins compatible for Editor in 8.55 ms, found 4 plugins.
Preloading 0 native plugins for Editor in 0.00 ms.
Initialize engine version: 6000.0.49f1 (840e0a9776d9)
[Subsystems] Discovering subsystems at path C:/Program Files/Unity/Hub/Editor/6000.0.49f1/Editor/Data/Resources/UnitySubsystems
[Subsystems] Discovering subsystems at path C:/Users/SUPER/Documents/GitHub/PatrimonioGameJam/Assets
GfxDevice: creating device client; kGfxThreadingModeNonThreaded
Direct3D:
    Version:  Direct3D 11.0 [level 11.1]
    Renderer: NVIDIA GeForce GT 1030 (ID=0x1d01)
    Vendor:   NVIDIA
    VRAM:     1967 MB
    Driver:   32.0.15.6094
Initialize mono
Mono path[0] = 'C:/Program Files/Unity/Hub/Editor/6000.0.49f1/Editor/Data/Managed'
Mono path[1] = 'C:/Program Files/Unity/Hub/Editor/6000.0.49f1/Editor/Data/MonoBleedingEdge/lib/mono/unityjit-win32'
Mono config path = 'C:/Program Files/Unity/Hub/Editor/6000.0.49f1/Editor/Data/MonoBleedingEdge/etc'
Using monoOptions --debugger-agent=transport=dt_socket,embedding=1,server=y,suspend=n,address=127.0.0.1:56524
Begin MonoManager ReloadAssembly
Registering precompiled unity dll's ...
Register platform support module: C:/Program Files/Unity/Hub/Editor/6000.0.49f1/Editor/Data/PlaybackEngines/WindowsStandaloneSupport/UnityEditor.WindowsStandalone.Extensions.dll
Registered in 0.004395 seconds.
- Loaded All Assemblies, in  0.518 seconds
Native extension for WindowsStandalone target not found
Mono: successfully reloaded assembly
- Finished resetting the current domain, in  0.451 seconds
Domain Reload Profiling: 966ms
	BeginReloadAssembly (166ms)
		ExecutionOrderSort (0ms)
		DisableScriptedObjects (0ms)
		BackupInstance (0ms)
		ReleaseScriptingObjects (0ms)
		CreateAndSetChildDomain (1ms)
	RebuildCommonClasses (53ms)
	RebuildNativeTypeToScriptingClass (18ms)
	initialDomainReloadingComplete (64ms)
	LoadAllAssembliesAndSetupDomain (213ms)
		LoadAssemblies (161ms)
		RebuildTransferFunctionScriptingTraits (0ms)
		AnalyzeDomain (210ms)
			TypeCache.Refresh (209ms)
				TypeCache.ScanAssembly (190ms)
			BuildScriptInfoCaches (0ms)
			ResolveRequiredComponents (0ms)
	FinalizeReload (451ms)
		ReleaseScriptCaches (0ms)
		RebuildScriptCaches (0ms)
		SetupLoadedEditorAssemblies (390ms)
			LogAssemblyErrors (0ms)
			InitializePlatformSupportModulesInManaged (34ms)
			SetLoadedEditorAssemblies (5ms)
			BeforeProcessingInitializeOnLoad (78ms)
			ProcessInitializeOnLoadAttributes (207ms)
			ProcessInitializeOnLoadMethodAttributes (66ms)
			AfterProcessingInitializeOnLoad (0ms)
			EditorAssembliesLoaded (0ms)
		ExecutionOrderSort2 (0ms)
		AwakeInstancesAfterBackupRestoration (0ms)
========================================================================
Worker process is ready to serve import requests
Import Worker Mode flag is 0x00
Begin MonoManager ReloadAssembly
Symbol file LoadedFromMemory is not a mono symbol file
- Loaded All Assemblies, in  1.825 seconds
Refreshing native plugins compatible for Editor in 2.77 ms, found 4 plugins.
Native extension for WindowsStandalone target not found
Mono: successfully reloaded assembly
- Finished resetting the current domain, in  0.959 seconds
Domain Reload Profiling: 2777ms
	BeginReloadAssembly (232ms)
		ExecutionOrderSort (0ms)
		DisableScriptedObjects (8ms)
		BackupInstance (0ms)
		ReleaseScriptingObjects (0ms)
		CreateAndSetChildDomain (38ms)
	RebuildCommonClasses (47ms)
	RebuildNativeTypeToScriptingClass (19ms)
	initialDomainReloadingComplete (52ms)
	LoadAllAssembliesAndSetupDomain (1467ms)
		LoadAssemblies (1205ms)
		RebuildTransferFunctionScriptingTraits (0ms)
		AnalyzeDomain (390ms)
			TypeCache.Refresh (301ms)
				TypeCache.ScanAssembly (271ms)
			BuildScriptInfoCaches (76ms)
			ResolveRequiredComponents (9ms)
	FinalizeReload (960ms)
		ReleaseScriptCaches (0ms)
		RebuildScriptCaches (0ms)
		SetupLoadedEditorAssemblies (795ms)
			LogAssemblyErrors (0ms)
			InitializePlatformSupportModulesInManaged (3ms)
			SetLoadedEditorAssemblies (5ms)
			BeforeProcessingInitializeOnLoad (226ms)
			ProcessInitializeOnLoadAttributes (487ms)
			ProcessInitializeOnLoadMethodAttributes (63ms)
			AfterProcessingInitializeOnLoad (11ms)
			EditorAssembliesLoaded (0ms)
		ExecutionOrderSort2 (0ms)
		AwakeInstancesAfterBackupRestoration (8ms)
Launched and connected shader compiler UnityShaderCompiler.exe after 0.01 seconds
Refreshing native plugins compatible for Editor in 2.75 ms, found 4 plugins.
Preloading 0 native plugins for Editor in 0.00 ms.
Unloading 13 Unused Serialized files (Serialized files now loaded: 0)
Unloading 4757 unused Assets / (1.5 MB). Loaded Objects now: 5235.
Memory consumption went from 90.6 MB to 89.0 MB.
Total: 23.421700 ms (FindLiveObjects: 1.334500 ms CreateObjectMapping: 0.792200 ms MarkObjects: 12.379600 ms  DeleteObjects: 8.913800 ms)

========================================================================
Received Prepare
Refreshing native plugins compatible for Editor in 8.10 ms, found 4 plugins.
Preloading 0 native plugins for Editor in 0.00 ms.
Unloading 6 Unused Serialized files (Serialized files now loaded: 0)
Unloading 4743 unused Assets / (1.1 MB). Loaded Objects now: 5234.
Memory consumption went from 88.0 MB to 86.9 MB.
Total: 15.237600 ms (FindLiveObjects: 1.497200 ms CreateObjectMapping: 1.335900 ms MarkObjects: 9.803800 ms  DeleteObjects: 2.599000 ms)

Prepare: number of updated asset objects reloaded= 0
========================================================================
Received Prepare
Begin MonoManager ReloadAssembly
Symbol file LoadedFromMemory is not a mono symbol file
- Loaded All Assemblies, in  1.103 seconds
Refreshing native plugins compatible for Editor in 2.91 ms, found 4 plugins.
Native extension for WindowsStandalone target not found
Mono: successfully reloaded assembly
- Finished resetting the current domain, in  0.862 seconds
Domain Reload Profiling: 1957ms
	BeginReloadAssembly (310ms)
		ExecutionOrderSort (0ms)
		DisableScriptedObjects (23ms)
		BackupInstance (0ms)
		ReleaseScriptingObjects (0ms)
		CreateAndSetChildDomain (55ms)
	RebuildCommonClasses (72ms)
	RebuildNativeTypeToScriptingClass (25ms)
	initialDomainReloadingComplete (50ms)
	LoadAllAssembliesAndSetupDomain (638ms)
		LoadAssemblies (580ms)
		RebuildTransferFunctionScriptingTraits (0ms)
		AnalyzeDomain (226ms)
			TypeCache.Refresh (12ms)
				TypeCache.ScanAssembly (0ms)
			BuildScriptInfoCaches (204ms)
			ResolveRequiredComponents (6ms)
	FinalizeReload (863ms)
		ReleaseScriptCaches (0ms)
		RebuildScriptCaches (0ms)
		SetupLoadedEditorAssemblies (676ms)
			LogAssemblyErrors (0ms)
			InitializePlatformSupportModulesInManaged (4ms)
			SetLoadedEditorAssemblies (5ms)
			BeforeProcessingInitializeOnLoad (228ms)
			ProcessInitializeOnLoadAttributes (386ms)
			ProcessInitializeOnLoadMethodAttributes (45ms)
			AfterProcessingInitializeOnLoad (8ms)
			EditorAssembliesLoaded (0ms)
		ExecutionOrderSort2 (0ms)
		AwakeInstancesAfterBackupRestoration (7ms)
Refreshing native plugins compatible for Editor in 2.23 ms, found 4 plugins.
Preloading 0 native plugins for Editor in 0.00 ms.
Unloading 6 Unused Serialized files (Serialized files now loaded: 0)
Unloading 4754 unused Assets / (1.7 MB). Loaded Objects now: 5237.
Memory consumption went from 89.9 MB to 88.2 MB.
Total: 6.906900 ms (FindLiveObjects: 0.558300 ms CreateObjectMapping: 0.682100 ms MarkObjects: 4.165800 ms  DeleteObjects: 1.489300 ms)

Prepare: number of updated asset objects reloaded= 0
========================================================================
Received Prepare
Refreshing native plugins compatible for Editor in 2.80 ms, found 4 plugins.
Preloading 0 native plugins for Editor in 0.00 ms.
Unloading 6 Unused Serialized files (Serialized files now loaded: 0)
Unloading 4744 unused Assets / (1.8 MB). Loaded Objects now: 5238.
Memory consumption went from 90.1 MB to 88.3 MB.
Total: 14.351600 ms (FindLiveObjects: 0.988400 ms CreateObjectMapping: 1.248300 ms MarkObjects: 9.373600 ms  DeleteObjects: 2.739800 ms)

Prepare: number of updated asset objects reloaded= 0
========================================================================
Received Prepare
Begin MonoManager ReloadAssembly
Symbol file LoadedFromMemory is not a mono symbol file
- Loaded All Assemblies, in  1.086 seconds
Refreshing native plugins compatible for Editor in 3.44 ms, found 4 plugins.
Native extension for WindowsStandalone target not found
Mono: successfully reloaded assembly
- Finished resetting the current domain, in  1.233 seconds
Domain Reload Profiling: 2314ms
	BeginReloadAssembly (358ms)
		ExecutionOrderSort (0ms)
		DisableScriptedObjects (23ms)
		BackupInstance (0ms)
		ReleaseScriptingObjects (0ms)
		CreateAndSetChildDomain (82ms)
	RebuildCommonClasses (52ms)
	RebuildNativeTypeToScriptingClass (17ms)
	initialDomainReloadingComplete (36ms)
	LoadAllAssembliesAndSetupDomain (617ms)
		LoadAssemblies (554ms)
		RebuildTransferFunctionScriptingTraits (0ms)
		AnalyzeDomain (242ms)
			TypeCache.Refresh (12ms)
				TypeCache.ScanAssembly (0ms)
			BuildScriptInfoCaches (217ms)
			ResolveRequiredComponents (9ms)
	FinalizeReload (1233ms)
		ReleaseScriptCaches (0ms)
		RebuildScriptCaches (0ms)
		SetupLoadedEditorAssemblies (907ms)
			LogAssemblyErrors (0ms)
			InitializePlatformSupportModulesInManaged (4ms)
			SetLoadedEditorAssemblies (5ms)
			BeforeProcessingInitializeOnLoad (207ms)
			ProcessInitializeOnLoadAttributes (496ms)
			ProcessInitializeOnLoadMethodAttributes (184ms)
			AfterProcessingInitializeOnLoad (11ms)
			EditorAssembliesLoaded (0ms)
		ExecutionOrderSort2 (0ms)
		AwakeInstancesAfterBackupRestoration (9ms)
Refreshing native plugins compatible for Editor in 2.34 ms, found 4 plugins.
Preloading 0 native plugins for Editor in 0.00 ms.
Unloading 6 Unused Serialized files (Serialized files now loaded: 0)
Unloading 4755 unused Assets / (2.0 MB). Loaded Objects now: 5240.
Memory consumption went from 89.9 MB to 88.0 MB.
Total: 10.257100 ms (FindLiveObjects: 0.635500 ms CreateObjectMapping: 0.705000 ms MarkObjects: 6.720300 ms  DeleteObjects: 2.195100 ms)

Prepare: number of updated asset objects reloaded= 0
========================================================================
Received Prepare
Refreshing native plugins compatible for Editor in 3.06 ms, found 4 plugins.
Preloading 0 native plugins for Editor in 0.00 ms.
Unloading 6 Unused Serialized files (Serialized files now loaded: 0)
Unloading 4744 unused Assets / (2.0 MB). Loaded Objects now: 5240.
Memory consumption went from 90.1 MB to 88.1 MB.
Total: 13.490200 ms (FindLiveObjects: 0.804100 ms CreateObjectMapping: 1.150500 ms MarkObjects: 8.571300 ms  DeleteObjects: 2.962600 ms)

Prepare: number of updated asset objects reloaded= 0
========================================================================
Received Import Request.
  Time since last request: 18796.848338 seconds.
  path: Assets/Scripts/FadeTransition.cs
  artifactKey: Guid(84462d55a994cf24f995bf9c32fcc9a6) Importer(815301076,1909f56bfc062723c751e8b465ee728b)
Start importing Assets/Scripts/FadeTransition.cs using Guid(84462d55a994cf24f995bf9c32fcc9a6) Importer(815301076,1909f56bfc062723c751e8b465ee728b) (PreviewImporter) -> (artifact id: '6c7e92123099356fe18b440e14564dc2') in 0.0137672 seconds
Number of updated asset objects reloaded before import = 0Number of asset objects unloaded after import = 0

========================================================================
Received Prepare
Refreshing native plugins compatible for Editor in 3.18 ms, found 4 plugins.
Preloading 0 native plugins for Editor in 0.00 ms.
Unloading 6 Unused Serialized files (Serialized files now loaded: 0)
Unloading 4745 unused Assets / (1.1 MB). Loaded Objects now: 5243.
Memory consumption went from 90.6 MB to 89.5 MB.
Total: 12.219600 ms (FindLiveObjects: 1.004600 ms CreateObjectMapping: 0.958800 ms MarkObjects: 6.482300 ms  DeleteObjects: 3.772500 ms)

Prepare: number of updated asset objects reloaded= 0
========================================================================
Received Prepare
Refreshing native plugins compatible for Editor in 2.72 ms, found 4 plugins.
Preloading 0 native plugins for Editor in 0.00 ms.
Unloading 6 Unused Serialized files (Serialized files now loaded: 0)
Unloading 4744 unused Assets / (2.0 MB). Loaded Objects now: 5242.
Memory consumption went from 90.6 MB to 88.7 MB.
Total: 12.362100 ms (FindLiveObjects: 0.647100 ms CreateObjectMapping: 0.772500 ms MarkObjects: 8.531600 ms  DeleteObjects: 2.409300 ms)

Prepare: number of updated asset objects reloaded= 0
========================================================================
Received Prepare
Refreshing native plugins compatible for Editor in 2.73 ms, found 4 plugins.
Preloading 0 native plugins for Editor in 0.00 ms.
Unloading 6 Unused Serialized files (Serialized files now loaded: 0)
Unloading 4745 unused Assets / (1.8 MB). Loaded Objects now: 5243.
Memory consumption went from 90.7 MB to 88.9 MB.
Total: 7.830700 ms (FindLiveObjects: 0.598000 ms CreateObjectMapping: 0.773500 ms MarkObjects: 4.739900 ms  DeleteObjects: 1.718200 ms)

Prepare: number of updated asset objects reloaded= 0
========================================================================
Received Prepare
Refreshing native plugins compatible for Editor in 3.07 ms, found 4 plugins.
Preloading 0 native plugins for Editor in 0.00 ms.
Unloading 6 Unused Serialized files (Serialized files now loaded: 0)
Unloading 4745 unused Assets / (1.2 MB). Loaded Objects now: 5243.
Memory consumption went from 90.7 MB to 89.5 MB.
Total: 14.066900 ms (FindLiveObjects: 0.784000 ms CreateObjectMapping: 1.309100 ms MarkObjects: 9.297700 ms  DeleteObjects: 2.674700 ms)

Prepare: number of updated asset objects reloaded= 0
========================================================================
Received Prepare
Refreshing native plugins compatible for Editor in 2.98 ms, found 4 plugins.
Preloading 0 native plugins for Editor in 0.00 ms.
Unloading 6 Unused Serialized files (Serialized files now loaded: 0)
Unloading 4745 unused Assets / (1.4 MB). Loaded Objects now: 5243.
Memory consumption went from 90.7 MB to 89.3 MB.
Total: 19.769700 ms (FindLiveObjects: 0.972400 ms CreateObjectMapping: 1.225700 ms MarkObjects: 12.728400 ms  DeleteObjects: 4.760900 ms)

Prepare: number of updated asset objects reloaded= 0
========================================================================
Received Prepare
Begin MonoManager ReloadAssembly
Symbol file LoadedFromMemory is not a mono symbol file
- Loaded All Assemblies, in  1.068 seconds
Refreshing native plugins compatible for Editor in 2.18 ms, found 4 plugins.
Native extension for WindowsStandalone target not found
Mono: successfully reloaded assembly
- Finished resetting the current domain, in  0.960 seconds
Domain Reload Profiling: 2023ms
	BeginReloadAssembly (262ms)
		ExecutionOrderSort (0ms)
		DisableScriptedObjects (16ms)
		BackupInstance (0ms)
		ReleaseScriptingObjects (0ms)
		CreateAndSetChildDomain (46ms)
	RebuildCommonClasses (66ms)
	RebuildNativeTypeToScriptingClass (22ms)
	initialDomainReloadingComplete (50ms)
	LoadAllAssembliesAndSetupDomain (663ms)
		LoadAssemblies (615ms)
		RebuildTransferFunctionScriptingTraits (0ms)
		AnalyzeDomain (194ms)
			TypeCache.Refresh (11ms)
				TypeCache.ScanAssembly (0ms)
			BuildScriptInfoCaches (171ms)
			ResolveRequiredComponents (7ms)
	FinalizeReload (961ms)
		ReleaseScriptCaches (0ms)
		RebuildScriptCaches (0ms)
		SetupLoadedEditorAssemblies (760ms)
			LogAssemblyErrors (0ms)
			InitializePlatformSupportModulesInManaged (8ms)
			SetLoadedEditorAssemblies (6ms)
			BeforeProcessingInitializeOnLoad (237ms)
			ProcessInitializeOnLoadAttributes (442ms)
			ProcessInitializeOnLoadMethodAttributes (57ms)
			AfterProcessingInitializeOnLoad (9ms)
			EditorAssembliesLoaded (0ms)
		ExecutionOrderSort2 (0ms)
		AwakeInstancesAfterBackupRestoration (10ms)
Refreshing native plugins compatible for Editor in 2.45 ms, found 4 plugins.
Preloading 0 native plugins for Editor in 0.00 ms.
Unloading 6 Unused Serialized files (Serialized files now loaded: 0)
Unloading 4756 unused Assets / (1.7 MB). Loaded Objects now: 5245.
Memory consumption went from 90.5 MB to 88.8 MB.
Total: 8.523600 ms (FindLiveObjects: 0.632200 ms CreateObjectMapping: 0.833700 ms MarkObjects: 4.864700 ms  DeleteObjects: 2.191800 ms)

Prepare: number of updated asset objects reloaded= 0
========================================================================
Received Prepare
Refreshing native plugins compatible for Editor in 2.79 ms, found 4 plugins.
Preloading 0 native plugins for Editor in 0.00 ms.
Unloading 6 Unused Serialized files (Serialized files now loaded: 0)
Unloading 4746 unused Assets / (1.7 MB). Loaded Objects now: 5246.
Memory consumption went from 90.6 MB to 88.9 MB.
Total: 7.563500 ms (FindLiveObjects: 0.593800 ms CreateObjectMapping: 0.692400 ms MarkObjects: 4.524700 ms  DeleteObjects: 1.751100 ms)

Prepare: number of updated asset objects reloaded= 0
========================================================================
Received Prepare
Begin MonoManager ReloadAssembly
Symbol file LoadedFromMemory is not a mono symbol file
- Loaded All Assemblies, in  1.058 seconds
Refreshing native plugins compatible for Editor in 2.58 ms, found 4 plugins.
Native extension for WindowsStandalone target not found
Mono: successfully reloaded assembly
- Finished resetting the current domain, in  0.783 seconds
Domain Reload Profiling: 1837ms
	BeginReloadAssembly (328ms)
		ExecutionOrderSort (0ms)
		DisableScriptedObjects (25ms)
		BackupInstance (0ms)
		ReleaseScriptingObjects (0ms)
		CreateAndSetChildDomain (77ms)
	RebuildCommonClasses (48ms)
	RebuildNativeTypeToScriptingClass (16ms)
	initialDomainReloadingComplete (36ms)
	LoadAllAssembliesAndSetupDomain (625ms)
		LoadAssemblies (508ms)
		RebuildTransferFunctionScriptingTraits (0ms)
		AnalyzeDomain (267ms)
			TypeCache.Refresh (12ms)
				TypeCache.ScanAssembly (0ms)
			BuildScriptInfoCaches (240ms)
			ResolveRequiredComponents (11ms)
	FinalizeReload (784ms)
		ReleaseScriptCaches (0ms)
		RebuildScriptCaches (0ms)
		SetupLoadedEditorAssemblies (634ms)
			LogAssemblyErrors (0ms)
			InitializePlatformSupportModulesInManaged (3ms)
			SetLoadedEditorAssemblies (4ms)
			BeforeProcessingInitializeOnLoad (165ms)
			ProcessInitializeOnLoadAttributes (388ms)
			ProcessInitializeOnLoadMethodAttributes (63ms)
			AfterProcessingInitializeOnLoad (12ms)
			EditorAssembliesLoaded (0ms)
		ExecutionOrderSort2 (0ms)
		AwakeInstancesAfterBackupRestoration (11ms)
Refreshing native plugins compatible for Editor in 3.24 ms, found 4 plugins.
Preloading 0 native plugins for Editor in 0.00 ms.
Unloading 6 Unused Serialized files (Serialized files now loaded: 0)
Unloading 4757 unused Assets / (1.7 MB). Loaded Objects now: 5248.
Memory consumption went from 90.5 MB to 88.8 MB.
Total: 10.985400 ms (FindLiveObjects: 0.702500 ms CreateObjectMapping: 1.014200 ms MarkObjects: 6.894100 ms  DeleteObjects: 2.373100 ms)

Prepare: number of updated asset objects reloaded= 0
========================================================================
Received Prepare
Refreshing native plugins compatible for Editor in 3.34 ms, found 4 plugins.
Preloading 0 native plugins for Editor in 0.00 ms.
Unloading 6 Unused Serialized files (Serialized files now loaded: 0)
Unloading 4745 unused Assets / (307.8 KB). Loaded Objects now: 5247.
Memory consumption went from 90.6 MB to 90.3 MB.
Total: 13.623000 ms (FindLiveObjects: 0.822500 ms CreateObjectMapping: 1.785100 ms MarkObjects: 8.644500 ms  DeleteObjects: 2.368900 ms)

Prepare: number of updated asset objects reloaded= 0
========================================================================
Received Prepare
Begin MonoManager ReloadAssembly
Symbol file LoadedFromMemory is not a mono symbol file
- Loaded All Assemblies, in  1.059 seconds
Refreshing native plugins compatible for Editor in 2.20 ms, found 4 plugins.
Native extension for WindowsStandalone target not found
Mono: successfully reloaded assembly
- Finished resetting the current domain, in  0.833 seconds
Domain Reload Profiling: 1887ms
	BeginReloadAssembly (330ms)
		ExecutionOrderSort (0ms)
		DisableScriptedObjects (28ms)
		BackupInstance (0ms)
		ReleaseScriptingObjects (0ms)
		CreateAndSetChildDomain (79ms)
	RebuildCommonClasses (43ms)
	RebuildNativeTypeToScriptingClass (15ms)
	initialDomainReloadingComplete (36ms)
	LoadAllAssembliesAndSetupDomain (630ms)
		LoadAssemblies (517ms)
		RebuildTransferFunctionScriptingTraits (0ms)
		AnalyzeDomain (265ms)
			TypeCache.Refresh (11ms)
				TypeCache.ScanAssembly (0ms)
			BuildScriptInfoCaches (241ms)
			ResolveRequiredComponents (9ms)
	FinalizeReload (834ms)
		ReleaseScriptCaches (0ms)
		RebuildScriptCaches (0ms)
		SetupLoadedEditorAssemblies (675ms)
			LogAssemblyErrors (0ms)
			InitializePlatformSupportModulesInManaged (3ms)
			SetLoadedEditorAssemblies (4ms)
			BeforeProcessingInitializeOnLoad (174ms)
			ProcessInitializeOnLoadAttributes (421ms)
			ProcessInitializeOnLoadMethodAttributes (63ms)
			AfterProcessingInitializeOnLoad (11ms)
			EditorAssembliesLoaded (0ms)
		ExecutionOrderSort2 (0ms)
		AwakeInstancesAfterBackupRestoration (11ms)
Refreshing native plugins compatible for Editor in 3.20 ms, found 4 plugins.
Preloading 0 native plugins for Editor in 0.00 ms.
Unloading 6 Unused Serialized files (Serialized files now loaded: 0)
Unloading 4756 unused Assets / (1.8 MB). Loaded Objects now: 5249.
Memory consumption went from 90.5 MB to 88.7 MB.
Total: 13.813300 ms (FindLiveObjects: 0.963300 ms CreateObjectMapping: 1.374000 ms MarkObjects: 8.400800 ms  DeleteObjects: 3.073300 ms)

Prepare: number of updated asset objects reloaded= 0
========================================================================
Received Prepare
Refreshing native plugins compatible for Editor in 3.59 ms, found 4 plugins.
Preloading 0 native plugins for Editor in 0.00 ms.
Unloading 6 Unused Serialized files (Serialized files now loaded: 0)
Unloading 4746 unused Assets / (1.8 MB). Loaded Objects now: 5250.
Memory consumption went from 90.6 MB to 88.9 MB.
Total: 10.498700 ms (FindLiveObjects: 0.669100 ms CreateObjectMapping: 0.939400 ms MarkObjects: 6.781200 ms  DeleteObjects: 2.107600 ms)

Prepare: number of updated asset objects reloaded= 0
========================================================================
Received Prepare
Begin MonoManager ReloadAssembly
Symbol file LoadedFromMemory is not a mono symbol file
- Loaded All Assemblies, in  1.102 seconds
Refreshing native plugins compatible for Editor in 2.36 ms, found 4 plugins.
Native extension for WindowsStandalone target not found
Mono: successfully reloaded assembly
- Finished resetting the current domain, in  1.246 seconds
Domain Reload Profiling: 2342ms
	BeginReloadAssembly (256ms)
		ExecutionOrderSort (0ms)
		DisableScriptedObjects (19ms)
		BackupInstance (0ms)
		ReleaseScriptingObjects (0ms)
		CreateAndSetChildDomain (49ms)
	RebuildCommonClasses (69ms)
	RebuildNativeTypeToScriptingClass (25ms)
	initialDomainReloadingComplete (51ms)
	LoadAllAssembliesAndSetupDomain (694ms)
		LoadAssemblies (612ms)
		RebuildTransferFunctionScriptingTraits (0ms)
		AnalyzeDomain (213ms)
			TypeCache.Refresh (19ms)
				TypeCache.ScanAssembly (0ms)
			BuildScriptInfoCaches (185ms)
			ResolveRequiredComponents (6ms)
	FinalizeReload (1247ms)
		ReleaseScriptCaches (0ms)
		RebuildScriptCaches (0ms)
		SetupLoadedEditorAssemblies (1076ms)
			LogAssemblyErrors (0ms)
			InitializePlatformSupportModulesInManaged (4ms)
			SetLoadedEditorAssemblies (5ms)
			BeforeProcessingInitializeOnLoad (437ms)
			ProcessInitializeOnLoadAttributes (561ms)
			ProcessInitializeOnLoadMethodAttributes (59ms)
			AfterProcessingInitializeOnLoad (10ms)
			EditorAssembliesLoaded (0ms)
		ExecutionOrderSort2 (0ms)
		AwakeInstancesAfterBackupRestoration (9ms)
Refreshing native plugins compatible for Editor in 2.58 ms, found 4 plugins.
Preloading 0 native plugins for Editor in 0.00 ms.
Unloading 6 Unused Serialized files (Serialized files now loaded: 0)
Unloading 4757 unused Assets / (1.9 MB). Loaded Objects now: 5252.
Memory consumption went from 90.5 MB to 88.6 MB.
Total: 9.819800 ms (FindLiveObjects: 0.663900 ms CreateObjectMapping: 0.831000 ms MarkObjects: 5.408900 ms  DeleteObjects: 2.914800 ms)

Prepare: number of updated asset objects reloaded= 0
========================================================================
Received Import Request.
  Time since last request: 189.014692 seconds.
  path: Assets/Scripts/DialogueManager.cs
  artifactKey: Guid(a871008c99385554aa83a406ae4d25b4) Importer(815301076,1909f56bfc062723c751e8b465ee728b)
Start importing Assets/Scripts/DialogueManager.cs using Guid(a871008c99385554aa83a406ae4d25b4) Importer(815301076,1909f56bfc062723c751e8b465ee728b) (PreviewImporter) -> (artifact id: '840caf73e2c43a6e0ab7e43401c4f2b8') in 0.0113334 seconds
Number of updated asset objects reloaded before import = 0Number of asset objects unloaded after import = 0

========================================================================
Received Prepare
Refreshing native plugins compatible for Editor in 3.32 ms, found 4 plugins.
Preloading 0 native plugins for Editor in 0.00 ms.
Unloading 6 Unused Serialized files (Serialized files now loaded: 0)
Unloading 4746 unused Assets / (0.9 MB). Loaded Objects now: 5252.
Memory consumption went from 90.6 MB to 89.7 MB.
Total: 16.793200 ms (FindLiveObjects: 1.067600 ms CreateObjectMapping: 1.363900 ms MarkObjects: 10.513700 ms  DeleteObjects: 3.846300 ms)

Prepare: number of updated asset objects reloaded= 0
========================================================================
Received Import Request.
  Time since last request: 79.250284 seconds.
  path: Assets/Scripts/DialogueManager.cs
  artifactKey: Guid(a871008c99385554aa83a406ae4d25b4) Importer(815301076,1909f56bfc062723c751e8b465ee728b)
Start importing Assets/Scripts/DialogueManager.cs using Guid(a871008c99385554aa83a406ae4d25b4) Importer(815301076,1909f56bfc062723c751e8b465ee728b) (PreviewImporter) -> (artifact id: '54ea27e5c86d90087849ccdc9bac425d') in 0.0021782 seconds
Number of updated asset objects reloaded before import = 0Number of asset objects unloaded after import = 0

========================================================================
Received Prepare
Refreshing native plugins compatible for Editor in 3.88 ms, found 4 plugins.
Preloading 0 native plugins for Editor in 0.00 ms.
Unloading 6 Unused Serialized files (Serialized files now loaded: 0)
Unloading 4746 unused Assets / (307.9 KB). Loaded Objects now: 5252.
Memory consumption went from 90.6 MB to 90.3 MB.
Total: 21.998800 ms (FindLiveObjects: 1.410600 ms CreateObjectMapping: 1.615600 ms MarkObjects: 13.158500 ms  DeleteObjects: 5.812000 ms)

Prepare: number of updated asset objects reloaded= 0
========================================================================
Received Prepare
Refreshing native plugins compatible for Editor in 3.70 ms, found 4 plugins.
Preloading 0 native plugins for Editor in 0.00 ms.
Unloading 6 Unused Serialized files (Serialized files now loaded: 0)
Unloading 4746 unused Assets / (308.0 KB). Loaded Objects now: 5252.
Memory consumption went from 90.6 MB to 90.3 MB.
Total: 27.536300 ms (FindLiveObjects: 2.703300 ms CreateObjectMapping: 1.817700 ms MarkObjects: 14.305400 ms  DeleteObjects: 8.707900 ms)

Prepare: number of updated asset objects reloaded= 0
========================================================================
Received Prepare
Refreshing native plugins compatible for Editor in 2.39 ms, found 4 plugins.
Preloading 0 native plugins for Editor in 0.00 ms.
Unloading 6 Unused Serialized files (Serialized files now loaded: 0)
Unloading 4747 unused Assets / (1.6 MB). Loaded Objects now: 5253.
Memory consumption went from 90.7 MB to 89.1 MB.
Total: 7.061900 ms (FindLiveObjects: 0.568500 ms CreateObjectMapping: 0.626500 ms MarkObjects: 4.331400 ms  DeleteObjects: 1.534600 ms)

Prepare: number of updated asset objects reloaded= 0
========================================================================
Received Prepare
Refreshing native plugins compatible for Editor in 2.49 ms, found 4 plugins.
Preloading 0 native plugins for Editor in 0.00 ms.
Unloading 6 Unused Serialized files (Serialized files now loaded: 0)
Unloading 4747 unused Assets / (1.6 MB). Loaded Objects now: 5253.
Memory consumption went from 90.7 MB to 89.1 MB.
Total: 9.234300 ms (FindLiveObjects: 0.600400 ms CreateObjectMapping: 0.784300 ms MarkObjects: 5.724500 ms  DeleteObjects: 2.123500 ms)

Prepare: number of updated asset objects reloaded= 0
========================================================================
Received Import Request.
  Time since last request: 327.648753 seconds.
  path: Assets/Scripts/BartraSceneUtils.cs
  artifactKey: Guid(2e7088c2afdfefe4b889950885b70909) Importer(815301076,1909f56bfc062723c751e8b465ee728b)
Start importing Assets/Scripts/BartraSceneUtils.cs using Guid(2e7088c2afdfefe4b889950885b70909) Importer(815301076,1909f56bfc062723c751e8b465ee728b) (PreviewImporter) -> (artifact id: '807b8df86bc08366b1447803dae91421') in 0.0043249 seconds
Number of updated asset objects reloaded before import = 0Number of asset objects unloaded after import = 0

========================================================================
Received Prepare
Refreshing native plugins compatible for Editor in 3.32 ms, found 4 plugins.
Preloading 0 native plugins for Editor in 0.00 ms.
Unloading 6 Unused Serialized files (Serialized files now loaded: 0)
Unloading 4747 unused Assets / (1.2 MB). Loaded Objects now: 5253.
Memory consumption went from 90.7 MB to 89.5 MB.
Total: 12.813500 ms (FindLiveObjects: 0.718600 ms CreateObjectMapping: 1.627100 ms MarkObjects: 8.110600 ms  DeleteObjects: 2.355100 ms)

Prepare: number of updated asset objects reloaded= 0
========================================================================
Received Import Request.
  Time since last request: 9.159182 seconds.
  path: Assets/Scripts/BartraSceneUtils.cs
  artifactKey: Guid(2e7088c2afdfefe4b889950885b70909) Importer(815301076,1909f56bfc062723c751e8b465ee728b)
Start importing Assets/Scripts/BartraSceneUtils.cs using Guid(2e7088c2afdfefe4b889950885b70909) Importer(815301076,1909f56bfc062723c751e8b465ee728b) (PreviewImporter) -> (artifact id: '705db9d16b69aec4a02df9fd0c895f0f') in 0.0023524 seconds
Number of updated asset objects reloaded before import = 0Number of asset objects unloaded after import = 0

========================================================================
Received Prepare
Refreshing native plugins compatible for Editor in 3.41 ms, found 4 plugins.
Preloading 0 native plugins for Editor in 0.00 ms.
Unloading 6 Unused Serialized files (Serialized files now loaded: 0)
Unloading 4747 unused Assets / (1.7 MB). Loaded Objects now: 5253.
Memory consumption went from 90.7 MB to 88.9 MB.
Total: 22.417100 ms (FindLiveObjects: 0.591500 ms CreateObjectMapping: 0.656800 ms MarkObjects: 10.115200 ms  DeleteObjects: 11.052100 ms)

Prepare: number of updated asset objects reloaded= 0
========================================================================
Received Prepare
Refreshing native plugins compatible for Editor in 6.72 ms, found 4 plugins.
Preloading 0 native plugins for Editor in 0.00 ms.
Unloading 6 Unused Serialized files (Serialized files now loaded: 0)
Unloading 4747 unused Assets / (1.7 MB). Loaded Objects now: 5253.
Memory consumption went from 90.7 MB to 88.9 MB.
Total: 23.368600 ms (FindLiveObjects: 0.664700 ms CreateObjectMapping: 1.974600 ms MarkObjects: 16.852100 ms  DeleteObjects: 3.875900 ms)

Prepare: number of updated asset objects reloaded= 0
========================================================================
Received Prepare
Refreshing native plugins compatible for Editor in 2.27 ms, found 4 plugins.
Preloading 0 native plugins for Editor in 0.00 ms.
Unloading 6 Unused Serialized files (Serialized files now loaded: 0)
Unloading 4746 unused Assets / (1.8 MB). Loaded Objects now: 5252.
Memory consumption went from 90.6 MB to 88.8 MB.
Total: 8.774500 ms (FindLiveObjects: 0.611900 ms CreateObjectMapping: 0.634200 ms MarkObjects: 5.607900 ms  DeleteObjects: 1.918800 ms)

Prepare: number of updated asset objects reloaded= 0
========================================================================
Received Prepare
Refreshing native plugins compatible for Editor in 2.20 ms, found 4 plugins.
Preloading 0 native plugins for Editor in 0.00 ms.
Unloading 6 Unused Serialized files (Serialized files now loaded: 0)
Unloading 4747 unused Assets / (2.9 MB). Loaded Objects now: 5253.
Memory consumption went from 90.7 MB to 87.8 MB.
Total: 9.122800 ms (FindLiveObjects: 0.578700 ms CreateObjectMapping: 0.655000 ms MarkObjects: 4.814300 ms  DeleteObjects: 3.073600 ms)

Prepare: number of updated asset objects reloaded= 0
========================================================================
Received Prepare
Refreshing native plugins compatible for Editor in 3.26 ms, found 4 plugins.
Preloading 0 native plugins for Editor in 0.00 ms.
Unloading 6 Unused Serialized files (Serialized files now loaded: 0)
Unloading 4747 unused Assets / (1.7 MB). Loaded Objects now: 5253.
Memory consumption went from 90.6 MB to 89.0 MB.
Total: 19.680900 ms (FindLiveObjects: 0.569600 ms CreateObjectMapping: 0.924500 ms MarkObjects: 15.910700 ms  DeleteObjects: 2.274500 ms)

Prepare: number of updated asset objects reloaded= 0
========================================================================
Received Import Request.
  Time since last request: 2319.763086 seconds.
  path: Assets/Scripts/FadeCanvasGroup.cs
  artifactKey: Guid(6a660b4c7afb148438913b4ecc5b4c7d) Importer(815301076,1909f56bfc062723c751e8b465ee728b)
Start importing Assets/Scripts/FadeCanvasGroup.cs using Guid(6a660b4c7afb148438913b4ecc5b4c7d) Importer(815301076,1909f56bfc062723c751e8b465ee728b) (PreviewImporter) -> (artifact id: '1595a37e24a42ed78e52b585dcbbed7e') in 0.0050269 seconds
Number of updated asset objects reloaded before import = 0Number of asset objects unloaded after import = 0

========================================================================
Received Prepare
Refreshing native plugins compatible for Editor in 4.89 ms, found 4 plugins.
Preloading 0 native plugins for Editor in 0.00 ms.
Unloading 6 Unused Serialized files (Serialized files now loaded: 0)
Unloading 4747 unused Assets / (2.2 MB). Loaded Objects now: 5253.
Memory consumption went from 90.6 MB to 88.5 MB.
Total: 12.305400 ms (FindLiveObjects: 0.679900 ms CreateObjectMapping: 1.212500 ms MarkObjects: 7.584100 ms  DeleteObjects: 2.827100 ms)

Prepare: number of updated asset objects reloaded= 0
========================================================================
Received Import Request.
  Time since last request: 25.204957 seconds.
  path: Assets/Scripts/ITransitionEffect.cs
  artifactKey: Guid(3c5d4c17520816d44a68b6d85a8b1745) Importer(815301076,1909f56bfc062723c751e8b465ee728b)
Start importing Assets/Scripts/ITransitionEffect.cs using Guid(3c5d4c17520816d44a68b6d85a8b1745) Importer(815301076,1909f56bfc062723c751e8b465ee728b) (PreviewImporter) -> (artifact id: 'b004823086726d9dfe7c7c5ed8b114b0') in 0.0023698 seconds
Number of updated asset objects reloaded before import = 0Number of asset objects unloaded after import = 0

========================================================================
Received Prepare
Refreshing native plugins compatible for Editor in 3.46 ms, found 4 plugins.
Preloading 0 native plugins for Editor in 0.00 ms.
Unloading 6 Unused Serialized files (Serialized files now loaded: 0)
Unloading 4747 unused Assets / (2.2 MB). Loaded Objects now: 5253.
Memory consumption went from 90.6 MB to 88.5 MB.
Total: 9.593600 ms (FindLiveObjects: 0.568200 ms CreateObjectMapping: 0.940000 ms MarkObjects: 5.773000 ms  DeleteObjects: 2.310800 ms)

Prepare: number of updated asset objects reloaded= 0
========================================================================
Received Import Request.
  Time since last request: 28.199131 seconds.
  path: Assets/Scripts/DialogueManager.cs
  artifactKey: Guid(a871008c99385554aa83a406ae4d25b4) Importer(815301076,1909f56bfc062723c751e8b465ee728b)
Start importing Assets/Scripts/DialogueManager.cs using Guid(a871008c99385554aa83a406ae4d25b4) Importer(815301076,1909f56bfc062723c751e8b465ee728b) (PreviewImporter) -> (artifact id: '0503fc441ac122fa2f28c0eef89161cc') in 0.0032121 seconds
Number of updated asset objects reloaded before import = 0Number of asset objects unloaded after import = 0

========================================================================
Received Prepare
Refreshing native plugins compatible for Editor in 7.25 ms, found 4 plugins.
Preloading 0 native plugins for Editor in 0.00 ms.
Unloading 6 Unused Serialized files (Serialized files now loaded: 0)
Unloading 4747 unused Assets / (0.9 MB). Loaded Objects now: 5253.
Memory consumption went from 90.6 MB to 89.7 MB.
Total: 22.064300 ms (FindLiveObjects: 0.897700 ms CreateObjectMapping: 2.000800 ms MarkObjects: 15.089800 ms  DeleteObjects: 4.075000 ms)

Prepare: number of updated asset objects reloaded= 0
========================================================================
Received Prepare
Refreshing native plugins compatible for Editor in 3.38 ms, found 4 plugins.
Preloading 0 native plugins for Editor in 0.00 ms.
Unloading 6 Unused Serialized files (Serialized files now loaded: 0)
Unloading 4747 unused Assets / (496.0 KB). Loaded Objects now: 5253.
Memory consumption went from 90.6 MB to 90.2 MB.
Total: 14.812200 ms (FindLiveObjects: 0.538300 ms CreateObjectMapping: 4.105600 ms MarkObjects: 7.682200 ms  DeleteObjects: 2.485100 ms)

Prepare: number of updated asset objects reloaded= 0
========================================================================
Received Prepare
Refreshing native plugins compatible for Editor in 3.37 ms, found 4 plugins.
Preloading 0 native plugins for Editor in 0.00 ms.
Unloading 6 Unused Serialized files (Serialized files now loaded: 0)
Unloading 4747 unused Assets / (1.8 MB). Loaded Objects now: 5253.
Memory consumption went from 90.6 MB to 88.8 MB.
Total: 12.261800 ms (FindLiveObjects: 1.289000 ms CreateObjectMapping: 1.876400 ms MarkObjects: 6.372000 ms  DeleteObjects: 2.722900 ms)

Prepare: number of updated asset objects reloaded= 0
========================================================================
Received Prepare
Refreshing native plugins compatible for Editor in 16.45 ms, found 4 plugins.
Preloading 0 native plugins for Editor in 0.00 ms.
Unloading 6 Unused Serialized files (Serialized files now loaded: 0)
Unloading 4747 unused Assets / (1.8 MB). Loaded Objects now: 5253.
Memory consumption went from 90.6 MB to 88.8 MB.
Total: 15.493100 ms (FindLiveObjects: 0.794400 ms CreateObjectMapping: 1.000500 ms MarkObjects: 11.657800 ms  DeleteObjects: 2.038600 ms)

Prepare: number of updated asset objects reloaded= 0
========================================================================
Received Prepare
Refreshing native plugins compatible for Editor in 2.79 ms, found 4 plugins.
Preloading 0 native plugins for Editor in 0.00 ms.
Unloading 6 Unused Serialized files (Serialized files now loaded: 0)
Unloading 4747 unused Assets / (1.8 MB). Loaded Objects now: 5253.
Memory consumption went from 90.6 MB to 88.8 MB.
Total: 14.960300 ms (FindLiveObjects: 0.571300 ms CreateObjectMapping: 0.637500 ms MarkObjects: 10.717400 ms  DeleteObjects: 3.032700 ms)

Prepare: number of updated asset objects reloaded= 0
========================================================================
Received Prepare
Begin MonoManager ReloadAssembly
Symbol file LoadedFromMemory is not a mono symbol file
- Loaded All Assemblies, in  1.132 seconds
Refreshing native plugins compatible for Editor in 2.07 ms, found 4 plugins.
Native extension for WindowsStandalone target not found
Mono: successfully reloaded assembly
- Finished resetting the current domain, in  0.696 seconds
Domain Reload Profiling: 1823ms
	BeginReloadAssembly (420ms)
		ExecutionOrderSort (0ms)
		DisableScriptedObjects (37ms)
		BackupInstance (0ms)
		ReleaseScriptingObjects (0ms)
		CreateAndSetChildDomain (106ms)
	RebuildCommonClasses (42ms)
	RebuildNativeTypeToScriptingClass (15ms)
	initialDomainReloadingComplete (56ms)
	LoadAllAssembliesAndSetupDomain (594ms)
		LoadAssemblies (592ms)
		RebuildTransferFunctionScriptingTraits (0ms)
		AnalyzeDomain (203ms)
			TypeCache.Refresh (14ms)
				TypeCache.ScanAssembly (0ms)
			BuildScriptInfoCaches (178ms)
			ResolveRequiredComponents (6ms)
	FinalizeReload (696ms)
		ReleaseScriptCaches (0ms)
		RebuildScriptCaches (0ms)
		SetupLoadedEditorAssemblies (558ms)
			LogAssemblyErrors (0ms)
			InitializePlatformSupportModulesInManaged (3ms)
			SetLoadedEditorAssemblies (4ms)
			BeforeProcessingInitializeOnLoad (145ms)
			ProcessInitializeOnLoadAttributes (355ms)
			ProcessInitializeOnLoadMethodAttributes (43ms)
			AfterProcessingInitializeOnLoad (8ms)
			EditorAssembliesLoaded (0ms)
		ExecutionOrderSort2 (0ms)
		AwakeInstancesAfterBackupRestoration (7ms)
Refreshing native plugins compatible for Editor in 2.06 ms, found 4 plugins.
Preloading 0 native plugins for Editor in 0.00 ms.
Unloading 6 Unused Serialized files (Serialized files now loaded: 0)
Unloading 4758 unused Assets / (1.8 MB). Loaded Objects now: 5255.
Memory consumption went from 90.5 MB to 88.7 MB.
Total: 7.315000 ms (FindLiveObjects: 0.521800 ms CreateObjectMapping: 0.677800 ms MarkObjects: 4.425900 ms  DeleteObjects: 1.688600 ms)

Prepare: number of updated asset objects reloaded= 0
========================================================================
Received Prepare
Begin MonoManager ReloadAssembly
Symbol file LoadedFromMemory is not a mono symbol file
- Loaded All Assemblies, in  1.735 seconds
Refreshing native plugins compatible for Editor in 2.28 ms, found 4 plugins.
Native extension for WindowsStandalone target not found
Mono: successfully reloaded assembly
- Finished resetting the current domain, in  0.686 seconds
Domain Reload Profiling: 2417ms
	BeginReloadAssembly (477ms)
		ExecutionOrderSort (0ms)
		DisableScriptedObjects (60ms)
		BackupInstance (0ms)
		ReleaseScriptingObjects (0ms)
		CreateAndSetChildDomain (166ms)
	RebuildCommonClasses (51ms)
	RebuildNativeTypeToScriptingClass (22ms)
	initialDomainReloadingComplete (42ms)
	LoadAllAssembliesAndSetupDomain (1139ms)
		LoadAssemblies (1046ms)
		RebuildTransferFunctionScriptingTraits (0ms)
		AnalyzeDomain (239ms)
			TypeCache.Refresh (13ms)
				TypeCache.ScanAssembly (0ms)
			BuildScriptInfoCaches (215ms)
			ResolveRequiredComponents (7ms)
	FinalizeReload (686ms)
		ReleaseScriptCaches (0ms)
		RebuildScriptCaches (0ms)
		SetupLoadedEditorAssemblies (551ms)
			LogAssemblyErrors (0ms)
			InitializePlatformSupportModulesInManaged (3ms)
			SetLoadedEditorAssemblies (4ms)
			BeforeProcessingInitializeOnLoad (143ms)
			ProcessInitializeOnLoadAttributes (348ms)
			ProcessInitializeOnLoadMethodAttributes (46ms)
			AfterProcessingInitializeOnLoad (8ms)
			EditorAssembliesLoaded (0ms)
		ExecutionOrderSort2 (0ms)
		AwakeInstancesAfterBackupRestoration (7ms)
Refreshing native plugins compatible for Editor in 2.37 ms, found 4 plugins.
Preloading 0 native plugins for Editor in 0.00 ms.
Unloading 6 Unused Serialized files (Serialized files now loaded: 0)
Unloading 4760 unused Assets / (1.8 MB). Loaded Objects now: 5259.
Memory consumption went from 90.5 MB to 88.7 MB.
Total: 7.382900 ms (FindLiveObjects: 0.553100 ms CreateObjectMapping: 0.615300 ms MarkObjects: 4.495300 ms  DeleteObjects: 1.717800 ms)

Prepare: number of updated asset objects reloaded= 0
========================================================================
Received Import Request.
  Time since last request: 8121.581264 seconds.
  path: Assets/omar/efectos de sonido/da単oEnte.mp3
  artifactKey: Guid(060f78781b066364683940d7eda94c53) Importer(815301076,1909f56bfc062723c751e8b465ee728b)
Start importing Assets/omar/efectos de sonido/da単oEnte.mp3 using Guid(060f78781b066364683940d7eda94c53) Importer(815301076,1909f56bfc062723c751e8b465ee728b) (PreviewImporter) -> (artifact id: '214c271eb0bc3d78f8472f413dc28d36') in 0.2126551 seconds
Number of updated asset objects reloaded before import = 0Number of asset objects unloaded after import = 2

========================================================================
Received Import Request.
  Time since last request: 0.000031 seconds.
  path: Assets/omar/efectos de sonido/da単oHuman.mp3
  artifactKey: Guid(c416655fc9db2654d94d29b96599e02e) Importer(815301076,1909f56bfc062723c751e8b465ee728b)
Start importing Assets/omar/efectos de sonido/da単oHuman.mp3 using Guid(c416655fc9db2654d94d29b96599e02e) Importer(815301076,1909f56bfc062723c751e8b465ee728b) (PreviewImporter) -> (artifact id: 'e8641785e638c16e4a78c58efa657ae6') in 0.014937 seconds
Number of updated asset objects reloaded before import = 0Number of asset objects unloaded after import = 2

========================================================================
Received Import Request.
  Time since last request: 0.000024 seconds.
  path: Assets/omar/efectos de sonido/lose.mp3
  artifactKey: Guid(83c0e9c063baf8349847d7108d960400) Importer(815301076,1909f56bfc062723c751e8b465ee728b)
Start importing Assets/omar/efectos de sonido/lose.mp3 using Guid(83c0e9c063baf8349847d7108d960400) Importer(815301076,1909f56bfc062723c751e8b465ee728b) (PreviewImporter) -> (artifact id: 'd4350a5667fa535b47aa8943b1adecd8') in 0.0138562 seconds
Number of updated asset objects reloaded before import = 0Number of asset objects unloaded after import = 2

========================================================================
Received Import Request.
  Time since last request: 1.789071 seconds.
  path: Assets/omar/imagenes de prueba/flecha-blanca-png-flecha-en-blanco-11562853572k2ezes7ukt.png
  artifactKey: Guid(9a6a07b8fe560264da0507516f4e0ed3) Importer(815301076,1909f56bfc062723c751e8b465ee728b)
Start importing Assets/omar/imagenes de prueba/flecha-blanca-png-flecha-en-blanco-11562853572k2ezes7ukt.png using Guid(9a6a07b8fe560264da0507516f4e0ed3) Importer(815301076,1909f56bfc062723c751e8b465ee728b) (PreviewImporter) -> (artifact id: '183066b136346d503bd5c59b3ec1fd14') in 0.0595689 seconds
Number of updated asset objects reloaded before import = 0Number of asset objects unloaded after import = 3

========================================================================
Received Import Request.
  Time since last request: 0.000022 seconds.
  path: Assets/omar/imagenes de prueba/pixel-art-character-sprite-of-a-young-adventurer-with-brown-hair-and-medieval-attire-perfect-for-games-and-digital-projects-png.png
  artifactKey: Guid(6dc6e03d6d82f0f4790ab1fc5c2a204f) Importer(815301076,1909f56bfc062723c751e8b465ee728b)
Start importing Assets/omar/imagenes de prueba/pixel-art-character-sprite-of-a-young-adventurer-with-brown-hair-and-medieval-attire-perfect-for-games-and-digital-projects-png.png using Guid(6dc6e03d6d82f0f4790ab1fc5c2a204f) Importer(815301076,1909f56bfc062723c751e8b465ee728b) (PreviewImporter) -> (artifact id: 'e5a0c97a9c249fc805ca639fb891d05a') in 0.02615 seconds
Number of updated asset objects reloaded before import = 0Number of asset objects unloaded after import = 3

Editor requested this worker to shutdown with reason: Scaling down because of idle timeout
AssetImportWorker is now disconnected from the server
Process exiting
Exiting without the bug reporter. Application will terminate with return code 0